# JRE version: Java(TM) SE Runtime Environment (8.0_171-b11) (build 1.8.0_171-b11)
# Java VM: Java HotSpot(TM) 64-Bit Server VM (25.171-b11 mixed mode windows-amd64 compressed oops)
Heap:
 PSYoungGen      total 177152K, used 30735K [0x0000000781000000, 0x000000078cc80000, 0x00000007c0000000)
  eden space 166400K, 12% used [0x0000000781000000,0x000000078239e6c0,0x000000078b280000)
  from space 10752K, 99% used [0x000000078c200000,0x000000078cc65650,0x000000078cc80000)
  to   space 12800K, 0% used [0x000000078b380000,0x000000078b380000,0x000000078c000000)
 ParOldGen       total 67584K, used 8012K [0x0000000703000000, 0x0000000707200000, 0x0000000781000000)
  object space 67584K, 11% used [0x0000000703000000,0x00000007037d3068,0x0000000707200000)
 Metaspace       used 33005K, capacity 35108K, committed 35200K, reserved 1079296K
  class space    used 4344K, capacity 4708K, committed 4736K, reserved 1048576K
GC Heap History (10 events):
Event: 2.404 GC heap before
{Heap before GC invocations=3 (full 0):
 PSYoungGen      total 56832K, used 56795K [0x0000000781000000, 0x0000000787f00000, 0x00000007c0000000)
  eden space 49152K, 99% used [0x0000000781000000,0x0000000783ff7b68,0x0000000784000000)
  from space 7680K, 99% used [0x0000000784780000,0x0000000784eff3e0,0x0000000784f00000)
  to   space 7680K, 0% used [0x0000000784000000,0x0000000784000000,0x0000000784780000)
 ParOldGen       total 130048K, used 1566K [0x0000000703000000, 0x000000070af00000, 0x0000000781000000)
  object space 130048K, 1% used [0x0000000703000000,0x0000000703187878,0x000000070af00000)
 Metaspace       used 20078K, capacity 20964K, committed 21248K, reserved 1067008K
  class space    used 2511K, capacity 2732K, committed 2816K, reserved 1048576K
Event: 2.408 GC heap after
Heap after GC invocations=3 (full 0):
 PSYoungGen      total 56832K, used 7071K [0x0000000781000000, 0x0000000787f00000, 0x00000007c0000000)
  eden space 49152K, 0% used [0x0000000781000000,0x0000000781000000,0x0000000784000000)
  from space 7680K, 92% used [0x0000000784000000,0x00000007846e7f38,0x0000000784780000)
  to   space 7680K, 0% used [0x0000000787780000,0x0000000787780000,0x0000000787f00000)
 ParOldGen       total 130048K, used 1574K [0x0000000703000000, 0x000000070af00000, 0x0000000781000000)
  object space 130048K, 1% used [0x0000000703000000,0x0000000703189878,0x000000070af00000)
 Metaspace       used 20078K, capacity 20964K, committed 21248K, reserved 1067008K
  class space    used 2511K, capacity 2732K, committed 2816K, reserved 1048576K
}
Event: 2.458 GC heap before
{Heap before GC invocations=4 (full 0):
 PSYoungGen      total 56832K, used 22146K [0x0000000781000000, 0x0000000787f00000, 0x00000007c0000000)
  eden space 49152K, 30% used [0x0000000781000000,0x0000000781eb8b98,0x0000000784000000)
  from space 7680K, 92% used [0x0000000784000000,0x00000007846e7f38,0x0000000784780000)
  to   space 7680K, 0% used [0x0000000787780000,0x0000000787780000,0x0000000787f00000)
 ParOldGen       total 130048K, used 1574K [0x0000000703000000, 0x000000070af00000, 0x0000000781000000)
  object space 130048K, 1% used [0x0000000703000000,0x0000000703189878,0x000000070af00000)
 Metaspace       used 20311K, capacity 21156K, committed 21248K, reserved 1067008K
  class space    used 2526K, capacity 2732K, committed 2816K, reserved 1048576K
Event: 2.464 GC heap after
Heap after GC invocations=4 (full 0):
 PSYoungGen      total 105984K, used 5373K [0x0000000781000000, 0x0000000787f00000, 0x00000007c0000000)
  eden space 98304K, 0% used [0x0000000781000000,0x0000000781000000,0x0000000787000000)
  from space 7680K, 69% used [0x0000000787780000,0x0000000787cbf450,0x0000000787f00000)
  to   space 7680K, 0% used [0x0000000787000000,0x0000000787000000,0x0000000787780000)
 ParOldGen       total 130048K, used 1582K [0x0000000703000000, 0x000000070af00000, 0x0000000781000000)
  object space 130048K, 1% used [0x0000000703000000,0x000000070318b878,0x000000070af00000)
 Metaspace       used 20311K, capacity 21156K, committed 21248K, reserved 1067008K
  class space    used 2526K, capacity 2732K, committed 2816K, reserved 1048576K
}
Event: 2.464 GC heap before
{Heap before GC invocations=5 (full 1):
 PSYoungGen      total 105984K, used 5373K [0x0000000781000000, 0x0000000787f00000, 0x00000007c0000000)
  eden space 98304K, 0% used [0x0000000781000000,0x0000000781000000,0x0000000787000000)
  from space 7680K, 69% used [0x0000000787780000,0x0000000787cbf450,0x0000000787f00000)
  to   space 7680K, 0% used [0x0000000787000000,0x0000000787000000,0x0000000787780000)
 ParOldGen       total 130048K, used 1582K [0x0000000703000000, 0x000000070af00000, 0x0000000781000000)
  object space 130048K, 1% used [0x0000000703000000,0x000000070318b878,0x000000070af00000)
 Metaspace       used 20311K, capacity 21156K, committed 21248K, reserved 1067008K
  class space    used 2526K, capacity 2732K, committed 2816K, reserved 1048576K
Event: 2.493 GC heap after
Heap after GC invocations=5 (full 1):
 PSYoungGen      total 105984K, used 0K [0x0000000781000000, 0x0000000787f00000, 0x00000007c0000000)
  eden space 98304K, 0% used [0x0000000781000000,0x0000000781000000,0x0000000787000000)
  from space 7680K, 0% used [0x0000000787780000,0x0000000787780000,0x0000000787f00000)
  to   space 7680K, 0% used [0x0000000787000000,0x0000000787000000,0x0000000787780000)
 ParOldGen       total 67584K, used 5196K [0x0000000703000000, 0x0000000707200000, 0x0000000781000000)
  object space 67584K, 7% used [0x0000000703000000,0x00000007035132c8,0x0000000707200000)
 Metaspace       used 20311K, capacity 21156K, committed 21248K, reserved 1067008K
  class space    used 2526K, capacity 2732K, committed 2816K, reserved 1048576K
}
Event: 3.336 GC heap before
{Heap before GC invocations=6 (full 1):
 PSYoungGen      total 105984K, used 98304K [0x0000000781000000, 0x0000000787f00000, 0x00000007c0000000)
  eden space 98304K, 100% used [0x0000000781000000,0x0000000787000000,0x0000000787000000)
  from space 7680K, 0% used [0x0000000787780000,0x0000000787780000,0x0000000787f00000)
  to   space 7680K, 0% used [0x0000000787000000,0x0000000787000000,0x0000000787780000)
 ParOldGen       total 67584K, used 5196K [0x0000000703000000, 0x0000000707200000, 0x0000000781000000)
  object space 67584K, 7% used [0x0000000703000000,0x00000007035132c8,0x0000000707200000)
 Metaspace       used 26110K, capacity 27478K, committed 27648K, reserved 1073152K
  class space    used 3417K, capacity 3715K, committed 3840K, reserved 1048576K
Event: 3.344 GC heap after
Heap after GC invocations=6 (full 1):
 PSYoungGen      total 105984K, used 7658K [0x0000000781000000, 0x000000078cd80000, 0x00000007c0000000)
  eden space 98304K, 0% used [0x0000000781000000,0x0000000781000000,0x0000000787000000)
  from space 7680K, 99% used [0x0000000787000000,0x000000078777aba8,0x0000000787780000)
  to   space 11776K, 0% used [0x000000078c200000,0x000000078c200000,0x000000078cd80000)
 ParOldGen       total 67584K, used 8004K [0x0000000703000000, 0x0000000707200000, 0x0000000781000000)
  object space 67584K, 11% used [0x0000000703000000,0x00000007037d1068,0x0000000707200000)
 Metaspace       used 26110K, capacity 27478K, committed 27648K, reserved 1073152K
  class space    used 3417K, capacity 3715K, committed 3840K, reserved 1048576K
}
Event: 4.182 GC heap before
{Heap before GC invocations=7 (full 1):
 PSYoungGen      total 105984K, used 105962K [0x0000000781000000, 0x000000078cd80000, 0x00000007c0000000)
  eden space 98304K, 100% used [0x0000000781000000,0x0000000787000000,0x0000000787000000)
  from space 7680K, 99% used [0x0000000787000000,0x000000078777aba8,0x0000000787780000)
  to   space 11776K, 0% used [0x000000078c200000,0x000000078c200000,0x000000078cd80000)
 ParOldGen       total 67584K, used 8004K [0x0000000703000000, 0x0000000707200000, 0x0000000781000000)
  object space 67584K, 11% used [0x0000000703000000,0x00000007037d1068,0x0000000707200000)
 Metaspace       used 31187K, capacity 33162K, committed 33536K, reserved 1079296K
  class space    used 4110K, capacity 4481K, committed 4608K, reserved 1048576K
Event: 4.189 GC heap after
Heap after GC invocations=7 (full 1):
 PSYoungGen      total 177152K, used 10645K [0x0000000781000000, 0x000000078cc80000, 0x00000007c0000000)
  eden space 166400K, 0% used [0x0000000781000000,0x0000000781000000,0x000000078b280000)
  from space 10752K, 99% used [0x000000078c200000,0x000000078cc65650,0x000000078cc80000)
  to   space 12800K, 0% used [0x000000078b380000,0x000000078b380000,0x000000078c000000)
 ParOldGen       total 67584K, used 8012K [0x0000000703000000, 0x0000000707200000, 0x0000000781000000)
  object space 67584K, 11% used [0x0000000703000000,0x00000007037d3068,0x0000000707200000)
 Metaspace       used 31187K, capacity 33162K, committed 33536K, reserved 1079296K
  class space    used 4110K, capacity 4481K, committed 4608K, reserved 1048576K
}

