# JRE version: Java(TM) SE Runtime Environment (8.0_171-b11) (build 1.8.0_171-b11)
# Java VM: Java HotSpot(TM) 64-Bit Server VM (25.171-b11 mixed mode windows-amd64 compressed oops)
Heap:
 PSYoungGen      total 196096K, used 131081K [0x0000000781000000, 0x000000078dd00000, 0x00000007c0000000)
  eden space 182272K, 64% used [0x0000000781000000,0x0000000788283058,0x000000078c200000)
  from space 13824K, 99% used [0x000000078c200000,0x000000078cf7f758,0x000000078cf80000)
  to   space 10752K, 0% used [0x000000078cf80000,0x000000078cf80000,0x000000078da00000)
 ParOldGen       total 60928K, used 17803K [0x0000000703000000, 0x0000000706b80000, 0x0000000781000000)
  object space 60928K, 29% used [0x0000000703000000,0x0000000704162c08,0x0000000706b80000)
 Metaspace       used 54680K, capacity 57440K, committed 57472K, reserved 1099776K
  class space    used 7542K, capacity 8055K, committed 8064K, reserved 1048576K
GC Heap History (10 events):
Event: 2.519 GC heap before
{Heap before GC invocations=5 (full 1):
 PSYoungGen      total 105984K, used 5792K [0x0000000781000000, 0x0000000787f00000, 0x00000007c0000000)
  eden space 98304K, 0% used [0x0000000781000000,0x0000000781000000,0x0000000787000000)
  from space 7680K, 75% used [0x0000000787780000,0x0000000787d28170,0x0000000787f00000)
  to   space 7680K, 0% used [0x0000000787000000,0x0000000787000000,0x0000000787780000)
 ParOldGen       total 130048K, used 1999K [0x0000000703000000, 0x000000070af00000, 0x0000000781000000)
  object space 130048K, 1% used [0x0000000703000000,0x00000007031f3ff0,0x000000070af00000)
 Metaspace       used 20284K, capacity 21126K, committed 21248K, reserved 1067008K
  class space    used 2540K, capacity 2735K, committed 2816K, reserved 1048576K
Event: 2.547 GC heap after
Heap after GC invocations=5 (full 1):
 PSYoungGen      total 105984K, used 0K [0x0000000781000000, 0x0000000787f00000, 0x00000007c0000000)
  eden space 98304K, 0% used [0x0000000781000000,0x0000000781000000,0x0000000787000000)
  from space 7680K, 0% used [0x0000000787780000,0x0000000787780000,0x0000000787f00000)
  to   space 7680K, 0% used [0x0000000787000000,0x0000000787000000,0x0000000787780000)
 ParOldGen       total 60928K, used 5654K [0x0000000703000000, 0x0000000706b80000, 0x0000000781000000)
  object space 60928K, 9% used [0x0000000703000000,0x0000000703585a28,0x0000000706b80000)
 Metaspace       used 20284K, capacity 21126K, committed 21248K, reserved 1067008K
  class space    used 2540K, capacity 2735K, committed 2816K, reserved 1048576K
}
Event: 3.393 GC heap before
{Heap before GC invocations=6 (full 1):
 PSYoungGen      total 105984K, used 98304K [0x0000000781000000, 0x0000000787f00000, 0x00000007c0000000)
  eden space 98304K, 100% used [0x0000000781000000,0x0000000787000000,0x0000000787000000)
  from space 7680K, 0% used [0x0000000787780000,0x0000000787780000,0x0000000787f00000)
  to   space 7680K, 0% used [0x0000000787000000,0x0000000787000000,0x0000000787780000)
 ParOldGen       total 60928K, used 5654K [0x0000000703000000, 0x0000000706b80000, 0x0000000781000000)
  object space 60928K, 9% used [0x0000000703000000,0x0000000703585a28,0x0000000706b80000)
 Metaspace       used 25070K, capacity 26372K, committed 26624K, reserved 1073152K
  class space    used 3256K, capacity 3550K, committed 3584K, reserved 1048576K
Event: 3.399 GC heap after
Heap after GC invocations=6 (full 1):
 PSYoungGen      total 105984K, used 7664K [0x0000000781000000, 0x000000078da00000, 0x00000007c0000000)
  eden space 98304K, 0% used [0x0000000781000000,0x0000000781000000,0x0000000787000000)
  from space 7680K, 99% used [0x0000000787000000,0x000000078777c378,0x0000000787780000)
  to   space 10752K, 0% used [0x000000078cf80000,0x000000078cf80000,0x000000078da00000)
 ParOldGen       total 60928K, used 7218K [0x0000000703000000, 0x0000000706b80000, 0x0000000781000000)
  object space 60928K, 11% used [0x0000000703000000,0x000000070370c9a0,0x0000000706b80000)
 Metaspace       used 25070K, capacity 26372K, committed 26624K, reserved 1073152K
  class space    used 3256K, capacity 3550K, committed 3584K, reserved 1048576K
}
Event: 4.789 GC heap before
{Heap before GC invocations=7 (full 1):
 PSYoungGen      total 105984K, used 103831K [0x0000000781000000, 0x000000078da00000, 0x00000007c0000000)
  eden space 98304K, 97% used [0x0000000781000000,0x0000000786de98f0,0x0000000787000000)
  from space 7680K, 99% used [0x0000000787000000,0x000000078777c378,0x0000000787780000)
  to   space 10752K, 0% used [0x000000078cf80000,0x000000078cf80000,0x000000078da00000)
 ParOldGen       total 60928K, used 7218K [0x0000000703000000, 0x0000000706b80000, 0x0000000781000000)
  object space 60928K, 11% used [0x0000000703000000,0x000000070370c9a0,0x0000000706b80000)
 Metaspace       used 33289K, capacity 35284K, committed 35416K, reserved 1079296K
  class space    used 4399K, capacity 4750K, committed 4864K, reserved 1048576K
Event: 4.797 GC heap after
Heap after GC invocations=7 (full 1):
 PSYoungGen      total 193024K, used 10743K [0x0000000781000000, 0x000000078dd00000, 0x00000007c0000000)
  eden space 182272K, 0% used [0x0000000781000000,0x0000000781000000,0x000000078c200000)
  from space 10752K, 99% used [0x000000078cf80000,0x000000078d9fde68,0x000000078da00000)
  to   space 13824K, 0% used [0x000000078c200000,0x000000078c200000,0x000000078cf80000)
 ParOldGen       total 60928K, used 10151K [0x0000000703000000, 0x0000000706b80000, 0x0000000781000000)
  object space 60928K, 16% used [0x0000000703000000,0x00000007039e9d10,0x0000000706b80000)
 Metaspace       used 33289K, capacity 35284K, committed 35416K, reserved 1079296K
  class space    used 4399K, capacity 4750K, committed 4864K, reserved 1048576K
}
Event: 4.797 GC heap before
{Heap before GC invocations=8 (full 2):
 PSYoungGen      total 193024K, used 10743K [0x0000000781000000, 0x000000078dd00000, 0x00000007c0000000)
  eden space 182272K, 0% used [0x0000000781000000,0x0000000781000000,0x000000078c200000)
  from space 10752K, 99% used [0x000000078cf80000,0x000000078d9fde68,0x000000078da00000)
  to   space 13824K, 0% used [0x000000078c200000,0x000000078c200000,0x000000078cf80000)
 ParOldGen       total 60928K, used 10151K [0x0000000703000000, 0x0000000706b80000, 0x0000000781000000)
  object space 60928K, 16% used [0x0000000703000000,0x00000007039e9d10,0x0000000706b80000)
 Metaspace       used 33289K, capacity 35284K, committed 35416K, reserved 1079296K
  class space    used 4399K, capacity 4750K, committed 4864K, reserved 1048576K
Event: 4.862 GC heap after
Heap after GC invocations=8 (full 2):
 PSYoungGen      total 193024K, used 0K [0x0000000781000000, 0x000000078dd00000, 0x00000007c0000000)
  eden space 182272K, 0% used [0x0000000781000000,0x0000000781000000,0x000000078c200000)
  from space 10752K, 0% used [0x000000078cf80000,0x000000078cf80000,0x000000078da00000)
  to   space 13824K, 0% used [0x000000078c200000,0x000000078c200000,0x000000078cf80000)
 ParOldGen       total 60928K, used 17334K [0x0000000703000000, 0x0000000706b80000, 0x0000000781000000)
  object space 60928K, 28% used [0x0000000703000000,0x00000007040edb20,0x0000000706b80000)
 Metaspace       used 33289K, capacity 35284K, committed 35416K, reserved 1079296K
  class space    used 4399K, capacity 4750K, committed 4864K, reserved 1048576K
}
Event: 6.108 GC heap before
{Heap before GC invocations=9 (full 2):
 PSYoungGen      total 193024K, used 182272K [0x0000000781000000, 0x000000078dd00000, 0x00000007c0000000)
  eden space 182272K, 100% used [0x0000000781000000,0x000000078c200000,0x000000078c200000)
  from space 10752K, 0% used [0x000000078cf80000,0x000000078cf80000,0x000000078da00000)
  to   space 13824K, 0% used [0x000000078c200000,0x000000078c200000,0x000000078cf80000)
 ParOldGen       total 60928K, used 17334K [0x0000000703000000, 0x0000000706b80000, 0x0000000781000000)
  object space 60928K, 28% used [0x0000000703000000,0x00000007040edb20,0x0000000706b80000)
 Metaspace       used 45817K, capacity 48248K, committed 48512K, reserved 1091584K
  class space    used 6218K, capacity 6665K, committed 6784K, reserved 1048576K
Event: 6.117 GC heap after
Heap after GC invocations=9 (full 2):
 PSYoungGen      total 196096K, used 13821K [0x0000000781000000, 0x000000078dd00000, 0x00000007c0000000)
  eden space 182272K, 0% used [0x0000000781000000,0x0000000781000000,0x000000078c200000)
  from space 13824K, 99% used [0x000000078c200000,0x000000078cf7f758,0x000000078cf80000)
  to   space 10752K, 0% used [0x000000078cf80000,0x000000078cf80000,0x000000078da00000)
 ParOldGen       total 60928K, used 17803K [0x0000000703000000, 0x0000000706b80000, 0x0000000781000000)
  object space 60928K, 29% used [0x0000000703000000,0x0000000704162c08,0x0000000706b80000)
 Metaspace       used 45817K, capacity 48248K, committed 48512K, reserved 1091584K
  class space    used 6218K, capacity 6665K, committed 6784K, reserved 1048576K
}

