# JRE version: Java(TM) SE Runtime Environment (14.0.2+12) (build 14.0.2+12-46)
# Java VM: Java HotSpot(TM) 64-Bit Server VM (14.0.2+12-46, mixed mode, sharing, tiered, compressed oops, g1 gc, windows-amd64)
Heap:
 garbage-first heap   total 262144K, used 105410K [0x00000000e0000000, 0x0000000100000000)
  region size 1024K, 23 young (23552K), 12 survivors (12288K)
 Metaspace       used 68933K, capacity 71704K, committed 71832K, reserved 317440K
  class space    used 8908K, capacity 9917K, committed 9984K, reserved 253952K
GC Heap History (20 events):
Event: 1620.387 GC heap before
{Heap before GC invocations=68 (full 0):
 garbage-first heap   total 262144K, used 103215K [0x00000000e0000000, 0x0000000100000000)
  region size 1024K, 13 young (13312K), 12 survivors (12288K)
 Metaspace       used 68505K, capacity 71176K, committed 71320K, reserved 315392K
  class space    used 8882K, capacity 9871K, committed 9984K, reserved 253952K
}
Event: 1620.402 GC heap after
{Heap after GC invocations=69 (full 0):
 garbage-first heap   total 262144K, used 87210K [0x00000000e0000000, 0x0000000100000000)
  region size 1024K, 1 young (1024K), 1 survivors (1024K)
 Metaspace       used 68505K, capacity 71176K, committed 71320K, reserved 315392K
  class space    used 8882K, capacity 9871K, committed 9984K, reserved 253952K
}
Event: 1925.105 GC heap before
{Heap before GC invocations=69 (full 0):
 garbage-first heap   total 262144K, used 188586K [0x00000000e0000000, 0x0000000100000000)
  region size 1024K, 101 young (103424K), 1 survivors (1024K)
 Metaspace       used 68596K, capacity 71308K, committed 71576K, reserved 317440K
  class space    used 8882K, capacity 9871K, committed 9984K, reserved 253952K
}
Event: 1925.119 GC heap after
{Heap after GC invocations=70 (full 0):
 garbage-first heap   total 262144K, used 97820K [0x00000000e0000000, 0x0000000100000000)
  region size 1024K, 12 young (12288K), 12 survivors (12288K)
 Metaspace       used 68596K, capacity 71308K, committed 71576K, reserved 317440K
  class space    used 8882K, capacity 9871K, committed 9984K, reserved 253952K
}
Event: 1926.230 GC heap before
{Heap before GC invocations=71 (full 0):
 garbage-first heap   total 262144K, used 193052K [0x00000000e0000000, 0x0000000100000000)
  region size 1024K, 106 young (108544K), 12 survivors (12288K)
 Metaspace       used 68785K, capacity 71530K, committed 71832K, reserved 317440K
  class space    used 8902K, capacity 9905K, committed 9984K, reserved 253952K
}
Event: 1926.245 GC heap after
{Heap after GC invocations=72 (full 0):
 garbage-first heap   total 262144K, used 106030K [0x00000000e0000000, 0x0000000100000000)
  region size 1024K, 8 young (8192K), 8 survivors (8192K)
 Metaspace       used 68785K, capacity 71530K, committed 71832K, reserved 317440K
  class space    used 8902K, capacity 9905K, committed 9984K, reserved 253952K
}
Event: 1926.274 GC heap before
{Heap before GC invocations=72 (full 0):
 garbage-first heap   total 262144K, used 109102K [0x00000000e0000000, 0x0000000100000000)
  region size 1024K, 12 young (12288K), 8 survivors (8192K)
 Metaspace       used 68785K, capacity 71530K, committed 71832K, reserved 317440K
  class space    used 8902K, capacity 9905K, committed 9984K, reserved 253952K
}
Event: 1926.303 GC heap after
{Heap after GC invocations=73 (full 0):
 garbage-first heap   total 262144K, used 95952K [0x00000000e0000000, 0x0000000100000000)
  region size 1024K, 2 young (2048K), 2 survivors (2048K)
 Metaspace       used 68785K, capacity 71530K, committed 71832K, reserved 317440K
  class space    used 8902K, capacity 9905K, committed 9984K, reserved 253952K
}
Event: 1926.956 GC heap before
{Heap before GC invocations=73 (full 0):
 garbage-first heap   total 262144K, used 196304K [0x00000000e0000000, 0x0000000100000000)
  region size 1024K, 100 young (102400K), 2 survivors (2048K)
 Metaspace       used 68787K, capacity 71531K, committed 71832K, reserved 317440K
  class space    used 8902K, capacity 9905K, committed 9984K, reserved 253952K
}
Event: 1926.976 GC heap after
{Heap after GC invocations=74 (full 0):
 garbage-first heap   total 262144K, used 100714K [0x00000000e0000000, 0x0000000100000000)
  region size 1024K, 6 young (6144K), 6 survivors (6144K)
 Metaspace       used 68787K, capacity 71531K, committed 71832K, reserved 317440K
  class space    used 8902K, capacity 9905K, committed 9984K, reserved 253952K
}
Event: 1927.476 GC heap before
{Heap before GC invocations=75 (full 0):
 garbage-first heap   total 262144K, used 201066K [0x00000000e0000000, 0x0000000100000000)
  region size 1024K, 104 young (106496K), 6 survivors (6144K)
 Metaspace       used 68791K, capacity 71534K, committed 71832K, reserved 317440K
  class space    used 8902K, capacity 9906K, committed 9984K, reserved 253952K
}
Event: 1927.486 GC heap after
{Heap after GC invocations=76 (full 0):
 garbage-first heap   total 262144K, used 107723K [0x00000000e0000000, 0x0000000100000000)
  region size 1024K, 13 young (13312K), 13 survivors (13312K)
 Metaspace       used 68791K, capacity 71534K, committed 71832K, reserved 317440K
  class space    used 8902K, capacity 9906K, committed 9984K, reserved 253952K
}
Event: 1927.487 GC heap before
{Heap before GC invocations=76 (full 0):
 garbage-first heap   total 262144K, used 108747K [0x00000000e0000000, 0x0000000100000000)
  region size 1024K, 14 young (14336K), 13 survivors (13312K)
 Metaspace       used 68791K, capacity 71534K, committed 71832K, reserved 317440K
  class space    used 8902K, capacity 9906K, committed 9984K, reserved 253952K
}
Event: 1927.504 GC heap after
{Heap after GC invocations=77 (full 0):
 garbage-first heap   total 262144K, used 86132K [0x00000000e0000000, 0x0000000100000000)
  region size 1024K, 1 young (1024K), 1 survivors (1024K)
 Metaspace       used 68791K, capacity 71534K, committed 71832K, reserved 317440K
  class space    used 8902K, capacity 9906K, committed 9984K, reserved 253952K
}
Event: 1927.976 GC heap before
{Heap before GC invocations=77 (full 0):
 garbage-first heap   total 262144K, used 107636K [0x00000000e0000000, 0x0000000100000000)
  region size 1024K, 23 young (23552K), 1 survivors (1024K)
 Metaspace       used 68812K, capacity 71548K, committed 71832K, reserved 317440K
  class space    used 8903K, capacity 9908K, committed 9984K, reserved 253952K
}
Event: 1927.983 GC heap after
{Heap after GC invocations=78 (full 0):
 garbage-first heap   total 262144K, used 90077K [0x00000000e0000000, 0x0000000100000000)
  region size 1024K, 5 young (5120K), 5 survivors (5120K)
 Metaspace       used 68812K, capacity 71548K, committed 71832K, reserved 317440K
  class space    used 8903K, capacity 9908K, committed 9984K, reserved 253952K
}
Event: 1928.327 GC heap before
{Heap before GC invocations=79 (full 0):
 garbage-first heap   total 262144K, used 204765K [0x00000000e0000000, 0x0000000100000000)
  region size 1024K, 116 young (118784K), 5 survivors (5120K)
 Metaspace       used 68822K, capacity 71548K, committed 71832K, reserved 317440K
  class space    used 8903K, capacity 9908K, committed 9984K, reserved 253952K
}
Event: 1928.335 GC heap after
{Heap after GC invocations=80 (full 0):
 garbage-first heap   total 262144K, used 99747K [0x00000000e0000000, 0x0000000100000000)
  region size 1024K, 15 young (15360K), 15 survivors (15360K)
 Metaspace       used 68822K, capacity 71548K, committed 71832K, reserved 317440K
  class space    used 8903K, capacity 9908K, committed 9984K, reserved 253952K
}
Event: 1928.335 GC heap before
{Heap before GC invocations=80 (full 0):
 garbage-first heap   total 262144K, used 99747K [0x00000000e0000000, 0x0000000100000000)
  region size 1024K, 16 young (16384K), 15 survivors (15360K)
 Metaspace       used 68822K, capacity 71548K, committed 71832K, reserved 317440K
  class space    used 8903K, capacity 9908K, committed 9984K, reserved 253952K
}
Event: 1928.352 GC heap after
{Heap after GC invocations=81 (full 0):
 garbage-first heap   total 262144K, used 84947K [0x00000000e0000000, 0x0000000100000000)
  region size 1024K, 1 young (1024K), 1 survivors (1024K)
 Metaspace       used 68822K, capacity 71548K, committed 71832K, reserved 317440K
  class space    used 8903K, capacity 9908K, committed 9984K, reserved 253952K
}

