# JRE version: Java(TM) SE Runtime Environment (14.0.2+12) (build 14.0.2+12-46)
# Java VM: Java HotSpot(TM) 64-Bit Server VM (14.0.2+12-46, mixed mode, sharing, tiered, compressed oops, g1 gc, windows-amd64)
Heap:
 garbage-first heap   total 262144K, used 125625K [0x00000000e0000000, 0x0000000100000000)
  region size 1024K, 82 young (83968K), 19 survivors (19456K)
 Metaspace       used 56360K, capacity 58894K, committed 59180K, reserved 305152K
  class space    used 7642K, capacity 8532K, committed 8576K, reserved 253952K
GC Heap History (20 events):
Event: 0.505 GC heap before
{Heap before GC invocations=0 (full 0):
 garbage-first heap   total 262144K, used 25600K [0x00000000e0000000, 0x0000000100000000)
  region size 1024K, 23 young (23552K), 0 survivors (0K)
 Metaspace       used 3088K, capacity 6048K, committed 6144K, reserved 262144K
  class space    used 402K, capacity 700K, committed 768K, reserved 253952K
}
Event: 0.509 GC heap after
{Heap after GC invocations=1 (full 0):
 garbage-first heap   total 262144K, used 9207K [0x00000000e0000000, 0x0000000100000000)
  region size 1024K, 3 young (3072K), 3 survivors (3072K)
 Metaspace       used 3088K, capacity 6048K, committed 6144K, reserved 262144K
  class space    used 402K, capacity 700K, committed 768K, reserved 253952K
}
Event: 1.082 GC heap before
{Heap before GC invocations=1 (full 0):
 garbage-first heap   total 262144K, used 36855K [0x00000000e0000000, 0x0000000100000000)
  region size 1024K, 30 young (30720K), 3 survivors (3072K)
 Metaspace       used 4262K, capacity 6812K, committed 7040K, reserved 262144K
  class space    used 530K, capacity 805K, committed 896K, reserved 253952K
}
Event: 1.085 GC heap after
{Heap after GC invocations=2 (full 0):
 garbage-first heap   total 262144K, used 9782K [0x00000000e0000000, 0x0000000100000000)
  region size 1024K, 1 young (1024K), 1 survivors (1024K)
 Metaspace       used 4262K, capacity 6812K, committed 7040K, reserved 262144K
  class space    used 530K, capacity 805K, committed 896K, reserved 253952K
}
Event: 3.442 GC heap before
{Heap before GC invocations=2 (full 0):
 garbage-first heap   total 262144K, used 165430K [0x00000000e0000000, 0x0000000100000000)
  region size 1024K, 153 young (156672K), 1 survivors (1024K)
 Metaspace       used 19802K, capacity 20460K, committed 20736K, reserved 272384K
  class space    used 2970K, capacity 3224K, committed 3328K, reserved 253952K
}
Event: 3.456 GC heap after
{Heap after GC invocations=3 (full 0):
 garbage-first heap   total 262144K, used 19467K [0x00000000e0000000, 0x0000000100000000)
  region size 1024K, 11 young (11264K), 11 survivors (11264K)
 Metaspace       used 19802K, capacity 20460K, committed 20736K, reserved 272384K
  class space    used 2970K, capacity 3224K, committed 3328K, reserved 253952K
}
Event: 3.668 GC heap before
{Heap before GC invocations=3 (full 0):
 garbage-first heap   total 262144K, used 31755K [0x00000000e0000000, 0x0000000100000000)
  region size 1024K, 24 young (24576K), 11 survivors (11264K)
 Metaspace       used 20513K, capacity 21159K, committed 21248K, reserved 272384K
  class space    used 3086K, capacity 3309K, committed 3328K, reserved 253952K
}
Event: 3.675 GC heap after
{Heap after GC invocations=4 (full 0):
 garbage-first heap   total 262144K, used 19632K [0x00000000e0000000, 0x0000000100000000)
  region size 1024K, 11 young (11264K), 11 survivors (11264K)
 Metaspace       used 20513K, capacity 21159K, committed 21248K, reserved 272384K
  class space    used 3086K, capacity 3309K, committed 3328K, reserved 253952K
}
Event: 5.846 GC heap before
{Heap before GC invocations=5 (full 0):
 garbage-first heap   total 262144K, used 153776K [0x00000000e0000000, 0x0000000100000000)
  region size 1024K, 141 young (144384K), 11 survivors (11264K)
 Metaspace       used 34548K, capacity 35543K, committed 35628K, reserved 284672K
  class space    used 4849K, capacity 5218K, committed 5248K, reserved 253952K
}
Event: 5.862 GC heap after
{Heap after GC invocations=6 (full 0):
 garbage-first heap   total 262144K, used 30168K [0x00000000e0000000, 0x0000000100000000)
  region size 1024K, 20 young (20480K), 20 survivors (20480K)
 Metaspace       used 34548K, capacity 35543K, committed 35628K, reserved 284672K
  class space    used 4849K, capacity 5218K, committed 5248K, reserved 253952K
}
Event: 7.927 GC heap before
{Heap before GC invocations=7 (full 0):
 garbage-first heap   total 262144K, used 166360K [0x00000000e0000000, 0x0000000100000000)
  region size 1024K, 153 young (156672K), 20 survivors (20480K)
 Metaspace       used 45409K, capacity 46880K, committed 47148K, reserved 294912K
  class space    used 6397K, capacity 6967K, committed 7040K, reserved 253952K
}
Event: 7.945 GC heap after
{Heap after GC invocations=8 (full 0):
 garbage-first heap   total 262144K, used 35833K [0x00000000e0000000, 0x0000000100000000)
  region size 1024K, 16 young (16384K), 16 survivors (16384K)
 Metaspace       used 45409K, capacity 46880K, committed 47148K, reserved 294912K
  class space    used 6397K, capacity 6967K, committed 7040K, reserved 253952K
}
Event: 9.855 GC heap before
{Heap before GC invocations=8 (full 0):
 garbage-first heap   total 262144K, used 176121K [0x00000000e0000000, 0x0000000100000000)
  region size 1024K, 153 young (156672K), 16 survivors (16384K)
 Metaspace       used 51305K, capacity 53268K, committed 53420K, reserved 301056K
  class space    used 7185K, capacity 7918K, committed 7936K, reserved 253952K
}
Event: 9.873 GC heap after
{Heap after GC invocations=9 (full 0):
 garbage-first heap   total 262144K, used 43725K [0x00000000e0000000, 0x0000000100000000)
  region size 1024K, 15 young (15360K), 15 survivors (15360K)
 Metaspace       used 51305K, capacity 53268K, committed 53420K, reserved 301056K
  class space    used 7185K, capacity 7918K, committed 7936K, reserved 253952K
}
Event: 11.423 GC heap before
{Heap before GC invocations=9 (full 0):
 garbage-first heap   total 262144K, used 184013K [0x00000000e0000000, 0x0000000100000000)
  region size 1024K, 153 young (156672K), 15 survivors (15360K)
 Metaspace       used 52363K, capacity 54310K, committed 54572K, reserved 301056K
  class space    used 7226K, capacity 7959K, committed 8064K, reserved 253952K
}
Event: 11.443 GC heap after
{Heap after GC invocations=10 (full 0):
 garbage-first heap   total 262144K, used 53497K [0x00000000e0000000, 0x0000000100000000)
  region size 1024K, 18 young (18432K), 18 survivors (18432K)
 Metaspace       used 52363K, capacity 54310K, committed 54572K, reserved 301056K
  class space    used 7226K, capacity 7959K, committed 8064K, reserved 253952K
}
Event: 86.517 GC heap before
{Heap before GC invocations=10 (full 0):
 garbage-first heap   total 262144K, used 190713K [0x00000000e0000000, 0x0000000100000000)
  region size 1024K, 153 young (156672K), 18 survivors (18432K)
 Metaspace       used 55275K, capacity 57760K, committed 57900K, reserved 305152K
  class space    used 7570K, capacity 8467K, committed 8576K, reserved 253952K
}
Event: 86.536 GC heap after
{Heap after GC invocations=11 (full 0):
 garbage-first heap   total 262144K, used 54180K [0x00000000e0000000, 0x0000000100000000)
  region size 1024K, 11 young (11264K), 11 survivors (11264K)
 Metaspace       used 55275K, capacity 57760K, committed 57900K, reserved 305152K
  class space    used 7570K, capacity 8467K, committed 8576K, reserved 253952K
}
Event: 87.618 GC heap before
{Heap before GC invocations=11 (full 0):
 garbage-first heap   total 262144K, used 199588K [0x00000000e0000000, 0x0000000100000000)
  region size 1024K, 153 young (156672K), 11 survivors (11264K)
 Metaspace       used 55781K, capacity 58306K, committed 58668K, reserved 305152K
  class space    used 7571K, capacity 8468K, committed 8576K, reserved 253952K
}
Event: 87.637 GC heap after
{Heap after GC invocations=12 (full 0):
 garbage-first heap   total 262144K, used 62137K [0x00000000e0000000, 0x0000000100000000)
  region size 1024K, 19 young (19456K), 19 survivors (19456K)
 Metaspace       used 55781K, capacity 58306K, committed 58668K, reserved 305152K
  class space    used 7571K, capacity 8468K, committed 8576K, reserved 253952K
}

