# JRE version: Java(TM) SE Runtime Environment (14.0.2+12) (build 14.0.2+12-46)
# Java VM: Java HotSpot(TM) 64-Bit Server VM (14.0.2+12-46, mixed mode, sharing, tiered, compressed oops, g1 gc, windows-amd64)
Heap:
 garbage-first heap   total 262144K, used 160152K [0x00000000e0000000, 0x0000000100000000)
  region size 1024K, 140 young (143360K), 17 survivors (17408K)
 Metaspace       used 51122K, capacity 53110K, committed 53164K, reserved 301056K
  class space    used 7183K, capacity 7912K, committed 7936K, reserved 253952K
GC Heap History (12 events):
Event: 1.458 GC heap before
{Heap before GC invocations=0 (full 0):
 garbage-first heap   total 262144K, used 25600K [0x00000000e0000000, 0x0000000100000000)
  region size 1024K, 23 young (23552K), 0 survivors (0K)
 Metaspace       used 3153K, capacity 6112K, committed 6400K, reserved 262144K
  class space    used 413K, capacity 700K, committed 768K, reserved 253952K
}
Event: 1.468 GC heap after
{Heap after GC invocations=1 (full 0):
 garbage-first heap   total 262144K, used 9275K [0x00000000e0000000, 0x0000000100000000)
  region size 1024K, 3 young (3072K), 3 survivors (3072K)
 Metaspace       used 3153K, capacity 6112K, committed 6400K, reserved 262144K
  class space    used 413K, capacity 700K, committed 768K, reserved 253952K
}
Event: 2.600 GC heap before
{Heap before GC invocations=1 (full 0):
 garbage-first heap   total 262144K, used 34875K [0x00000000e0000000, 0x0000000100000000)
  region size 1024K, 28 young (28672K), 3 survivors (3072K)
 Metaspace       used 4258K, capacity 6812K, committed 7040K, reserved 262144K
  class space    used 532K, capacity 805K, committed 896K, reserved 253952K
}
Event: 2.602 GC heap after
{Heap after GC invocations=2 (full 0):
 garbage-first heap   total 262144K, used 10042K [0x00000000e0000000, 0x0000000100000000)
  region size 1024K, 1 young (1024K), 1 survivors (1024K)
 Metaspace       used 4258K, capacity 6812K, committed 7040K, reserved 262144K
  class space    used 532K, capacity 805K, committed 896K, reserved 253952K
}
Event: 5.973 GC heap before
{Heap before GC invocations=2 (full 0):
 garbage-first heap   total 262144K, used 123706K [0x00000000e0000000, 0x0000000100000000)
  region size 1024K, 112 young (114688K), 1 survivors (1024K)
 Metaspace       used 15151K, capacity 15671K, committed 15872K, reserved 268288K
  class space    used 2265K, capacity 2451K, committed 2560K, reserved 253952K
}
Event: 5.982 GC heap after
{Heap after GC invocations=3 (full 0):
 garbage-first heap   total 262144K, used 18121K [0x00000000e0000000, 0x0000000100000000)
  region size 1024K, 9 young (9216K), 9 survivors (9216K)
 Metaspace       used 15151K, capacity 15671K, committed 15872K, reserved 268288K
  class space    used 2265K, capacity 2451K, committed 2560K, reserved 253952K
}
Event: 7.347 GC heap before
{Heap before GC invocations=3 (full 0):
 garbage-first heap   total 262144K, used 71369K [0x00000000e0000000, 0x0000000100000000)
  region size 1024K, 62 young (63488K), 9 survivors (9216K)
 Metaspace       used 20528K, capacity 21159K, committed 21248K, reserved 272384K
  class space    used 3088K, capacity 3309K, committed 3328K, reserved 253952K
}
Event: 7.352 GC heap after
{Heap after GC invocations=4 (full 0):
 garbage-first heap   total 262144K, used 20380K [0x00000000e0000000, 0x0000000100000000)
  region size 1024K, 11 young (11264K), 11 survivors (11264K)
 Metaspace       used 20528K, capacity 21159K, committed 21248K, reserved 272384K
  class space    used 3088K, capacity 3309K, committed 3328K, reserved 253952K
}
Event: 10.447 GC heap before
{Heap before GC invocations=5 (full 0):
 garbage-first heap   total 262144K, used 151452K [0x00000000e0000000, 0x0000000100000000)
  region size 1024K, 138 young (141312K), 11 survivors (11264K)
 Metaspace       used 34425K, capacity 35479K, committed 35628K, reserved 284672K
  class space    used 4831K, capacity 5218K, committed 5248K, reserved 253952K
}
Event: 10.461 GC heap after
{Heap after GC invocations=6 (full 0):
 garbage-first heap   total 262144K, used 30499K [0x00000000e0000000, 0x0000000100000000)
  region size 1024K, 20 young (20480K), 20 survivors (20480K)
 Metaspace       used 34425K, capacity 35479K, committed 35628K, reserved 284672K
  class space    used 4831K, capacity 5218K, committed 5248K, reserved 253952K
}
Event: 12.665 GC heap before
{Heap before GC invocations=7 (full 0):
 garbage-first heap   total 262144K, used 166691K [0x00000000e0000000, 0x0000000100000000)
  region size 1024K, 153 young (156672K), 20 survivors (20480K)
 Metaspace       used 45411K, capacity 46876K, committed 47148K, reserved 294912K
  class space    used 6401K, capacity 6966K, committed 7040K, reserved 253952K
}
Event: 12.680 GC heap after
{Heap after GC invocations=8 (full 0):
 garbage-first heap   total 262144K, used 36248K [0x00000000e0000000, 0x0000000100000000)
  region size 1024K, 17 young (17408K), 17 survivors (17408K)
 Metaspace       used 45411K, capacity 46876K, committed 47148K, reserved 294912K
  class space    used 6401K, capacity 6966K, committed 7040K, reserved 253952K
}

