# JRE version: Java(TM) SE Runtime Environment (14.0.2+12) (build 14.0.2+12-46)
# Java VM: Java HotSpot(TM) 64-Bit Server VM (14.0.2+12-46, mixed mode, sharing, tiered, compressed oops, g1 gc, windows-amd64)
Heap:
 garbage-first heap   total 262144K, used 97411K [0x00000000e0000000, 0x0000000100000000)
  region size 1024K, 27 young (27648K), 4 survivors (4096K)
 Metaspace       used 56432K, capacity 58883K, committed 59180K, reserved 305152K
  class space    used 7626K, capacity 8482K, committed 8576K, reserved 253952K
GC Heap History (20 events):
Event: 4.118 GC heap before
{Heap before GC invocations=2 (full 0):
 garbage-first heap   total 262144K, used 125839K [0x00000000e0000000, 0x0000000100000000)
  region size 1024K, 114 young (116736K), 1 survivors (1024K)
 Metaspace       used 15608K, capacity 16105K, committed 16384K, reserved 268288K
  class space    used 2317K, capacity 2488K, committed 2560K, reserved 253952K
}
Event: 4.126 GC heap after
{Heap after GC invocations=3 (full 0):
 garbage-first heap   total 262144K, used 18403K [0x00000000e0000000, 0x0000000100000000)
  region size 1024K, 9 young (9216K), 9 survivors (9216K)
 Metaspace       used 15608K, capacity 16105K, committed 16384K, reserved 268288K
  class space    used 2317K, capacity 2488K, committed 2560K, reserved 253952K
}
Event: 5.491 GC heap before
{Heap before GC invocations=3 (full 0):
 garbage-first heap   total 262144K, used 69603K [0x00000000e0000000, 0x0000000100000000)
  region size 1024K, 60 young (61440K), 9 survivors (9216K)
 Metaspace       used 20520K, capacity 21159K, committed 21248K, reserved 272384K
  class space    used 3086K, capacity 3309K, committed 3328K, reserved 253952K
}
Event: 5.497 GC heap after
{Heap after GC invocations=4 (full 0):
 garbage-first heap   total 262144K, used 20354K [0x00000000e0000000, 0x0000000100000000)
  region size 1024K, 11 young (11264K), 11 survivors (11264K)
 Metaspace       used 20520K, capacity 21159K, committed 21248K, reserved 272384K
  class space    used 3086K, capacity 3309K, committed 3328K, reserved 253952K
}
Event: 10.416 GC heap before
{Heap before GC invocations=5 (full 0):
 garbage-first heap   total 262144K, used 151426K [0x00000000e0000000, 0x0000000100000000)
  region size 1024K, 138 young (141312K), 11 survivors (11264K)
 Metaspace       used 34540K, capacity 35546K, committed 35628K, reserved 284672K
  class space    used 4847K, capacity 5219K, committed 5248K, reserved 253952K
}
Event: 10.432 GC heap after
{Heap after GC invocations=6 (full 0):
 garbage-first heap   total 262144K, used 30477K [0x00000000e0000000, 0x0000000100000000)
  region size 1024K, 20 young (20480K), 20 survivors (20480K)
 Metaspace       used 34540K, capacity 35546K, committed 35628K, reserved 284672K
  class space    used 4847K, capacity 5219K, committed 5248K, reserved 253952K
}
Event: 12.093 GC heap before
{Heap before GC invocations=7 (full 0):
 garbage-first heap   total 262144K, used 167693K [0x00000000e0000000, 0x0000000100000000)
  region size 1024K, 153 young (156672K), 20 survivors (20480K)
 Metaspace       used 45431K, capacity 46903K, committed 47148K, reserved 294912K
  class space    used 6407K, capacity 6975K, committed 7040K, reserved 253952K
}
Event: 12.107 GC heap after
{Heap after GC invocations=8 (full 0):
 garbage-first heap   total 262144K, used 36429K [0x00000000e0000000, 0x0000000100000000)
  region size 1024K, 17 young (17408K), 17 survivors (17408K)
 Metaspace       used 45431K, capacity 46903K, committed 47148K, reserved 294912K
  class space    used 6407K, capacity 6975K, committed 7040K, reserved 253952K
}
Event: 14.182 GC heap before
{Heap before GC invocations=8 (full 0):
 garbage-first heap   total 262144K, used 175693K [0x00000000e0000000, 0x0000000100000000)
  region size 1024K, 153 young (156672K), 17 survivors (17408K)
 Metaspace       used 51325K, capacity 53339K, committed 53420K, reserved 301056K
  class space    used 7195K, capacity 7923K, committed 7936K, reserved 253952K
}
Event: 14.199 GC heap after
{Heap after GC invocations=9 (full 0):
 garbage-first heap   total 262144K, used 44149K [0x00000000e0000000, 0x0000000100000000)
  region size 1024K, 15 young (15360K), 15 survivors (15360K)
 Metaspace       used 51325K, capacity 53339K, committed 53420K, reserved 301056K
  class space    used 7195K, capacity 7923K, committed 7936K, reserved 253952K
}
Event: 16.483 GC heap before
{Heap before GC invocations=9 (full 0):
 garbage-first heap   total 262144K, used 185461K [0x00000000e0000000, 0x0000000100000000)
  region size 1024K, 153 young (156672K), 15 survivors (15360K)
 Metaspace       used 52622K, capacity 54538K, committed 54828K, reserved 301056K
  class space    used 7243K, capacity 7963K, committed 8064K, reserved 253952K
}
Event: 16.507 GC heap after
{Heap after GC invocations=10 (full 0):
 garbage-first heap   total 262144K, used 55221K [0x00000000e0000000, 0x0000000100000000)
  region size 1024K, 20 young (20480K), 20 survivors (20480K)
 Metaspace       used 52622K, capacity 54538K, committed 54828K, reserved 301056K
  class space    used 7243K, capacity 7963K, committed 8064K, reserved 253952K
}
Event: 17.566 GC heap before
{Heap before GC invocations=10 (full 0):
 garbage-first heap   total 262144K, used 191413K [0x00000000e0000000, 0x0000000100000000)
  region size 1024K, 153 young (156672K), 20 survivors (20480K)
 Metaspace       used 53032K, capacity 55016K, committed 55340K, reserved 303104K
  class space    used 7247K, capacity 7968K, committed 8064K, reserved 253952K
}
Event: 17.585 GC heap after
{Heap after GC invocations=11 (full 0):
 garbage-first heap   total 262144K, used 62579K [0x00000000e0000000, 0x0000000100000000)
  region size 1024K, 9 young (9216K), 9 survivors (9216K)
 Metaspace       used 53032K, capacity 55016K, committed 55340K, reserved 303104K
  class space    used 7247K, capacity 7968K, committed 8064K, reserved 253952K
}
Event: 84.860 GC heap before
{Heap before GC invocations=11 (full 0):
 garbage-first heap   total 262144K, used 205939K [0x00000000e0000000, 0x0000000100000000)
  region size 1024K, 150 young (153600K), 9 survivors (9216K)
 Metaspace       used 55676K, capacity 57974K, committed 58028K, reserved 305152K
  class space    used 7561K, capacity 8424K, committed 8448K, reserved 253952K
}
Event: 84.873 GC heap after
{Heap after GC invocations=12 (full 0):
 garbage-first heap   total 262144K, used 72930K [0x00000000e0000000, 0x0000000100000000)
  region size 1024K, 19 young (19456K), 19 survivors (19456K)
 Metaspace       used 55676K, capacity 57974K, committed 58028K, reserved 305152K
  class space    used 7561K, capacity 8424K, committed 8448K, reserved 253952K
}
Event: 85.462 GC heap before
{Heap before GC invocations=12 (full 0):
 garbage-first heap   total 262144K, used 206050K [0x00000000e0000000, 0x0000000100000000)
  region size 1024K, 149 young (152576K), 19 survivors (19456K)
 Metaspace       used 55819K, capacity 58170K, committed 58284K, reserved 305152K
  class space    used 7561K, capacity 8424K, committed 8448K, reserved 253952K
}
Event: 85.480 GC heap after
{Heap after GC invocations=13 (full 0):
 garbage-first heap   total 262144K, used 81082K [0x00000000e0000000, 0x0000000100000000)
  region size 1024K, 9 young (9216K), 9 survivors (9216K)
 Metaspace       used 55819K, capacity 58170K, committed 58284K, reserved 305152K
  class space    used 7561K, capacity 8424K, committed 8448K, reserved 253952K
}
Event: 85.871 GC heap before
{Heap before GC invocations=13 (full 0):
 garbage-first heap   total 262144K, used 209082K [0x00000000e0000000, 0x0000000100000000)
  region size 1024K, 134 young (137216K), 9 survivors (9216K)
 Metaspace       used 55962K, capacity 58311K, committed 58540K, reserved 305152K
  class space    used 7561K, capacity 8424K, committed 8448K, reserved 253952K
}
Event: 85.874 GC heap after
{Heap after GC invocations=14 (full 0):
 garbage-first heap   total 262144K, used 75907K [0x00000000e0000000, 0x0000000100000000)
  region size 1024K, 4 young (4096K), 4 survivors (4096K)
 Metaspace       used 55962K, capacity 58311K, committed 58540K, reserved 305152K
  class space    used 7561K, capacity 8424K, committed 8448K, reserved 253952K
}

