# JRE version: Java(TM) SE Runtime Environment (14.0.2+12) (build 14.0.2+12-46)
# Java VM: Java HotSpot(TM) 64-Bit Server VM (14.0.2+12-46, mixed mode, sharing, tiered, compressed oops, g1 gc, windows-amd64)
Heap:
 garbage-first heap   total 262144K, used 136659K [0x00000000e0000000, 0x0000000100000000)
  region size 1024K, 56 young (57344K), 12 survivors (12288K)
 Metaspace       used 68490K, capacity 71128K, committed 71728K, reserved 317440K
  class space    used 8860K, capacity 9836K, committed 9984K, reserved 253952K
GC Heap History (20 events):
Event: 9474.506 GC heap before
{Heap before GC invocations=73 (full 0):
 garbage-first heap   total 262144K, used 201834K [0x00000000e0000000, 0x0000000100000000)
  region size 1024K, 115 young (117760K), 1 survivors (1024K)
 Metaspace       used 68383K, capacity 71188K, committed 71472K, reserved 317440K
  class space    used 8909K, capacity 9925K, committed 9984K, reserved 253952K
}
Event: 9474.522 GC heap after
{Heap after GC invocations=74 (full 0):
 garbage-first heap   total 262144K, used 97072K [0x00000000e0000000, 0x0000000100000000)
  region size 1024K, 12 young (12288K), 12 survivors (12288K)
 Metaspace       used 68383K, capacity 71188K, committed 71472K, reserved 317440K
  class space    used 8909K, capacity 9925K, committed 9984K, reserved 253952K
}
Event: 9475.558 GC heap before
{Heap before GC invocations=75 (full 0):
 garbage-first heap   total 262144K, used 202544K [0x00000000e0000000, 0x0000000100000000)
  region size 1024K, 116 young (118784K), 12 survivors (12288K)
 Metaspace       used 68180K, capacity 70828K, committed 71472K, reserved 317440K
  class space    used 8867K, capacity 9850K, committed 9984K, reserved 253952K
}
Event: 9475.576 GC heap after
{Heap after GC invocations=76 (full 0):
 garbage-first heap   total 262144K, used 106270K [0x00000000e0000000, 0x0000000100000000)
  region size 1024K, 10 young (10240K), 10 survivors (10240K)
 Metaspace       used 68180K, capacity 70828K, committed 71472K, reserved 317440K
  class space    used 8867K, capacity 9850K, committed 9984K, reserved 253952K
}
Event: 9475.595 GC heap before
{Heap before GC invocations=76 (full 0):
 garbage-first heap   total 262144K, used 108318K [0x00000000e0000000, 0x0000000100000000)
  region size 1024K, 12 young (12288K), 10 survivors (10240K)
 Metaspace       used 68180K, capacity 70828K, committed 71472K, reserved 317440K
  class space    used 8867K, capacity 9850K, committed 9984K, reserved 253952K
}
Event: 9475.623 GC heap after
{Heap after GC invocations=77 (full 0):
 garbage-first heap   total 262144K, used 93174K [0x00000000e0000000, 0x0000000100000000)
  region size 1024K, 2 young (2048K), 2 survivors (2048K)
 Metaspace       used 68180K, capacity 70828K, committed 71472K, reserved 317440K
  class space    used 8867K, capacity 9850K, committed 9984K, reserved 253952K
}
Event: 9476.163 GC heap before
{Heap before GC invocations=77 (full 0):
 garbage-first heap   total 262144K, used 202742K [0x00000000e0000000, 0x0000000100000000)
  region size 1024K, 109 young (111616K), 2 survivors (2048K)
 Metaspace       used 68184K, capacity 70828K, committed 71472K, reserved 317440K
  class space    used 8868K, capacity 9850K, committed 9984K, reserved 253952K
}
Event: 9476.173 GC heap after
{Heap after GC invocations=78 (full 0):
 garbage-first heap   total 262144K, used 98199K [0x00000000e0000000, 0x0000000100000000)
  region size 1024K, 7 young (7168K), 7 survivors (7168K)
 Metaspace       used 68184K, capacity 70828K, committed 71472K, reserved 317440K
  class space    used 8868K, capacity 9850K, committed 9984K, reserved 253952K
}
Event: 9476.814 GC heap before
{Heap before GC invocations=79 (full 0):
 garbage-first heap   total 262144K, used 205719K [0x00000000e0000000, 0x0000000100000000)
  region size 1024K, 113 young (115712K), 7 survivors (7168K)
 Metaspace       used 68170K, capacity 70795K, committed 71472K, reserved 317440K
  class space    used 8866K, capacity 9845K, committed 9984K, reserved 253952K
}
Event: 9476.828 GC heap after
{Heap after GC invocations=80 (full 0):
 garbage-first heap   total 262144K, used 104796K [0x00000000e0000000, 0x0000000100000000)
  region size 1024K, 14 young (14336K), 14 survivors (14336K)
 Metaspace       used 68170K, capacity 70795K, committed 71472K, reserved 317440K
  class space    used 8866K, capacity 9845K, committed 9984K, reserved 253952K
}
Event: 9476.833 GC heap before
{Heap before GC invocations=80 (full 0):
 garbage-first heap   total 262144K, used 105820K [0x00000000e0000000, 0x0000000100000000)
  region size 1024K, 15 young (15360K), 14 survivors (14336K)
 Metaspace       used 68170K, capacity 70795K, committed 71472K, reserved 317440K
  class space    used 8866K, capacity 9845K, committed 9984K, reserved 253952K
}
Event: 9476.854 GC heap after
{Heap after GC invocations=81 (full 0):
 garbage-first heap   total 262144K, used 82843K [0x00000000e0000000, 0x0000000100000000)
  region size 1024K, 2 young (2048K), 2 survivors (2048K)
 Metaspace       used 68170K, capacity 70795K, committed 71472K, reserved 317440K
  class space    used 8866K, capacity 9845K, committed 9984K, reserved 253952K
}
Event: 9477.042 GC heap before
{Heap before GC invocations=81 (full 0):
 garbage-first heap   total 262144K, used 114587K [0x00000000e0000000, 0x0000000100000000)
  region size 1024K, 34 young (34816K), 2 survivors (2048K)
 Metaspace       used 68179K, capacity 70795K, committed 71472K, reserved 317440K
  class space    used 8866K, capacity 9845K, committed 9984K, reserved 253952K
}
Event: 9477.051 GC heap after
{Heap after GC invocations=82 (full 0):
 garbage-first heap   total 262144K, used 87579K [0x00000000e0000000, 0x0000000100000000)
  region size 1024K, 7 young (7168K), 7 survivors (7168K)
 Metaspace       used 68179K, capacity 70795K, committed 71472K, reserved 317440K
  class space    used 8866K, capacity 9845K, committed 9984K, reserved 253952K
}
Event: 9477.383 GC heap before
{Heap before GC invocations=83 (full 0):
 garbage-first heap   total 262144K, used 199195K [0x00000000e0000000, 0x0000000100000000)
  region size 1024K, 114 young (116736K), 7 survivors (7168K)
 Metaspace       used 68271K, capacity 70859K, committed 71472K, reserved 317440K
  class space    used 8866K, capacity 9845K, committed 9984K, reserved 253952K
}
Event: 9477.394 GC heap after
{Heap after GC invocations=84 (full 0):
 garbage-first heap   total 262144K, used 98244K [0x00000000e0000000, 0x0000000100000000)
  region size 1024K, 15 young (15360K), 15 survivors (15360K)
 Metaspace       used 68271K, capacity 70859K, committed 71472K, reserved 317440K
  class space    used 8866K, capacity 9845K, committed 9984K, reserved 253952K
}
Event: 9477.394 GC heap before
{Heap before GC invocations=84 (full 0):
 garbage-first heap   total 262144K, used 98244K [0x00000000e0000000, 0x0000000100000000)
  region size 1024K, 16 young (16384K), 15 survivors (15360K)
 Metaspace       used 68271K, capacity 70859K, committed 71472K, reserved 317440K
  class space    used 8866K, capacity 9845K, committed 9984K, reserved 253952K
}
Event: 9477.412 GC heap after
{Heap after GC invocations=85 (full 0):
 garbage-first heap   total 262144K, used 82670K [0x00000000e0000000, 0x0000000100000000)
  region size 1024K, 1 young (1024K), 1 survivors (1024K)
 Metaspace       used 68271K, capacity 70859K, committed 71472K, reserved 317440K
  class space    used 8866K, capacity 9845K, committed 9984K, reserved 253952K
}
Event: 15832.232 GC heap before
{Heap before GC invocations=85 (full 0):
 garbage-first heap   total 262144K, used 194286K [0x00000000e0000000, 0x0000000100000000)
  region size 1024K, 111 young (113664K), 1 survivors (1024K)
 Metaspace       used 68551K, capacity 71227K, committed 71728K, reserved 317440K
  class space    used 8875K, capacity 9861K, committed 9984K, reserved 253952K
}
Event: 15832.247 GC heap after
{Heap after GC invocations=86 (full 0):
 garbage-first heap   total 262144K, used 93651K [0x00000000e0000000, 0x0000000100000000)
  region size 1024K, 12 young (12288K), 12 survivors (12288K)
 Metaspace       used 68551K, capacity 71227K, committed 71728K, reserved 317440K
  class space    used 8875K, capacity 9861K, committed 9984K, reserved 253952K
}

